Erro ao carregar detalhes da obra: (psycopg2.errors.UndefinedColumn) column registro_alimentacao.admin_id does not exist LINE 1: ...gistro_alimentacao.id AS registro_alimentacao_id, registro_a... ^ [SQL: SELECT registro_alimentacao.id AS registro_alimentacao_id, registro_alimentacao.admin_id AS registro_alimentacao_admin_id, registro_alimentacao.funcionario_id AS registro_alimentacao_funcionario_id, registro_alimentacao.obra_id AS registro_alimentacao_obra_id, registro_alimentacao.restaurante_id AS registro_alimentacao_restaurante_id, registro_alimentacao.data AS registro_alimentacao_data, registro_alimentacao.tipo AS registro_alimentacao_tipo, registro_alimentacao.valor AS registro_alimentacao_valor, registro_alimentacao.observacoes AS registro_alimentacao_observacoes, registro_alimentacao.created_at AS registro_alimentacao_created_at FROM registro_alimentacao WHERE registro_alimentacao.obra_id = %(obra_id_1)s AND registro_alimentacao.data >= %(data_1)s AND registro_alimentacao.data <= %(data_2)s ORDER BY registro_alimentacao.data DESC] [parameters: {'obra_id_1': 21, 'data_1': datetime.date(2025, 7, 1), 'data_2': datetime.date(2025, 8, 31)}] (Background on this error at: https://sqlalche.me/e/20/f405) Traceback: Traceback (most recent call last): File "/usr/local/lib/python3.11/site-packages/sqlalchemy/engine/base.py", line 1967, in _exec_single_context self.dialect.do_execute( File "/usr/local/lib/python3.11/site-packages/sqlalchemy/engine/default.py", line 951, in do_execute cursor.execute(statement, parameters) psycopg2.errors.UndefinedColumn: column registro_alimentacao.admin_id does not exist LINE 1: ...gistro_alimentacao.id AS registro_alimentacao_id, registro_a... ^ The above exception was the direct cause of the following exception: Traceback (most recent call last): File "/app/views.py", line 3037, in detalhes_obra ).order_by(RegistroAlimentacao.data.desc()).all() ^^^^^ File "/usr/local/lib/python3.11/site-packages/sqlalchemy/orm/query.py", line 2704, in all return self._iter().all() # type: ignore ^^^^^^^^^^^^ File "/usr/local/lib/python3.11/site-packages/sqlalchemy/orm/query.py", line 2857, in _iter result: Union[ScalarResult[_T], Result[_T]] = self.session.execute( ^^^^^^^^^^^^^^^^^^^^^ File "/usr/local/lib/python3.11/site-packages/sqlalchemy/orm/session.py", line 2351, in execute return self._execute_internal( ^^^^^^^^^^^^^^^^^^^^^^^ File "/usr/local/lib/python3.11/site-packages/sqlalchemy/orm/session.py", line 2249, in _execute_internal result: Result[Any] = compile_state_cls.orm_execute_statement( ^^^^^^^^^^^^^^^^^^^^^^^^^^^^^^^^^^^^^^^^ File "/usr/local/lib/python3.11/site-packages/sqlalchemy/orm/context.py", line 306, in orm_execute_statement result = conn.execute( ^^^^^^^^^^^^^ File "/usr/local/lib/python3.11/site-packages/sqlalchemy/engine/base.py", line 1419, in execute return meth( ^^^^^ File "/usr/local/lib/python3.11/site-packages/sqlalchemy/sql/elements.py", line 526, in _execute_on_connection return connection._execute_clauseelement( ^^^^^^^^^^^^^^^^^^^^^^^^^^^^^^^^^^ File "/usr/local/lib/python3.11/site-packages/sqlalchemy/engine/base.py", line 1641, in _execute_clauseelement ret = self._execute_context( ^^^^^^^^^^^^^^^^^^^^^^ File "/usr/local/lib/python3.11/site-packages/sqlalchemy/engine/base.py", line 1846, in _execute_context return self._exec_single_context( ^^^^^^^^^^^^^^^^^^^^^^^^^^ File "/usr/local/lib/python3.11/site-packages/sqlalchemy/engine/base.py", line 1986, in _exec_single_context self._handle_dbapi_exception( File "/usr/local/lib/python3.11/site-packages/sqlalchemy/engine/base.py", line 2355, in _handle_dbapi_exception raise sqlalchemy_exception.with_traceback(exc_info[2]) from e File "/usr/local/lib/python3.11/site-packages/sqlalchemy/engine/base.py", line 1967, in _exec_single_context self.dialect.do_execute( File "/usr/local/lib/python3.11/site-packages/sqlalchemy/engine/default.py", line 951, in do_execute cursor.execute(statement, parameters) sqlalchemy.exc.ProgrammingError: (psycopg2.errors.UndefinedColumn) column registro_alimentacao.admin_id does not exist LINE 1: ...gistro_alimentacao.id AS registro_alimentacao_id, registro_a... ^ [SQL: SELECT registro_alimentacao.id AS registro_alimentacao_id, registro_alimentacao.admin_id AS registro_alimentacao_admin_id, registro_alimentacao.funcionario_id AS registro_alimentacao_funcionario_id, registro_alimentacao.obra_id AS registro_alimentacao_obra_id, registro_alimentacao.restaurante_id AS registro_alimentacao_restaurante_id, registro_alimentacao.data AS registro_alimentacao_data, registro_alimentacao.tipo AS registro_alimentacao_tipo, registro_alimentacao.valor AS registro_alimentacao_valor, registro_alimentacao.observacoes AS registro_alimentacao_observacoes, registro_alimentacao.created_at AS registro_alimentacao_created_at FROM registro_alimentacao WHERE registro_alimentacao.obra_id = %(obra_id_1)s AND registro_alimentacao.data >= %(data_1)s AND registro_alimentacao.data <= %(data_2)s ORDER BY registro_alimentacao.data DESC] [parameters: {'obra_id_1': 21, 'data_1': datetime.date(2025, 7, 1), 'data_2': datetime.date(2025, 8, 31)}] (Background on this error at: https://sqlalche.me/e/20/f405)